<?xml version="1.0" encoding="UTF-8"?>
<!-- Generated by org.testng.reporters.JUnitReportReporter -->
<testsuite skipped="0" hostname="anita-PC" name="pospack.LoginUntilReserveWithInvalidData" tests="4" failures="0" timestamp="08 Jan 2018 06:52:05 GMT" time="24.701" errors="0">
  <testcase name="Logininfo" time="3.458" classname="pospack.LoginUntilReserveWithInvalidData"/>
  <testcase name="Dashboard" time="0.502" classname="pospack.LoginUntilReserveWithInvalidData"/>
  <testcase name="Login" time="17.374" classname="pospack.LoginUntilReserveWithInvalidData"/>
  <testcase name="DetailMenginap" time="3.367" classname="pospack.LoginUntilReserveWithInvalidData"/>
</testsuite> <!-- pospack.LoginUntilReserveWithInvalidData -->
