<?xml version="1.0" encoding="UTF-8"?>
<!-- Generated by org.testng.reporters.JUnitReportReporter -->
<testsuite skipped="0" hostname="anita-PC" name="pospack.LoginUntilDeleteBooking" tests="5" failures="0" timestamp="16 Jan 2018 08:49:46 GMT" time="19.309" errors="0">
  <testcase name="Login" time="12.993" classname="pospack.LoginUntilDeleteBooking"/>
  <testcase name="Konfirmasi" time="0.932" classname="pospack.LoginUntilDeleteBooking"/>
  <testcase name="Dashboard" time="0.489" classname="pospack.LoginUntilDeleteBooking"/>
  <testcase name="Logininfo" time="1.878" classname="pospack.LoginUntilDeleteBooking"/>
  <testcase name="DetailMenginap" time="3.017" classname="pospack.LoginUntilDeleteBooking"/>
</testsuite> <!-- pospack.LoginUntilDeleteBooking -->
