<?xml version="1.0" encoding="UTF-8"?>
<!-- Generated by org.testng.reporters.JUnitReportReporter -->
<testsuite skipped="0" hostname="anita-PC" name="pospack.PrintNetPriceBillDetail" tests="6" failures="0" timestamp="16 Jan 2018 08:35:51 GMT" time="28.505" errors="0">
  <testcase name="Login" time="19.090" classname="pospack.PrintNetPriceBillDetail"/>
  <testcase name="Dashboard" time="0.491" classname="pospack.PrintNetPriceBillDetail"/>
  <testcase name="Print" time="1.650" classname="pospack.PrintNetPriceBillDetail"/>
  <testcase name="Logininfo" time="2.129" classname="pospack.PrintNetPriceBillDetail"/>
  <testcase name="DetailMenginap" time="3.793" classname="pospack.PrintNetPriceBillDetail"/>
  <testcase name="Konfirmasi" time="1.352" classname="pospack.PrintNetPriceBillDetail"/>
</testsuite> <!-- pospack.PrintNetPriceBillDetail -->
