<?xml version="1.0" encoding="UTF-8"?>
<!-- Generated by org.testng.reporters.JUnitReportReporter -->
<testsuite skipped="0" hostname="anita-PC" name="pospack.LoginUntillNotShow" tests="6" failures="0" timestamp="08 Jan 2018 07:12:16 GMT" time="26.319" errors="0">
  <testcase name="Login" time="16.508" classname="pospack.LoginUntillNotShow"/>
  <testcase name="Konfirmasi" time="0.980" classname="pospack.LoginUntillNotShow"/>
  <testcase name="Dashboard" time="0.475" classname="pospack.LoginUntillNotShow"/>
  <testcase name="Logininfo" time="3.529" classname="pospack.LoginUntillNotShow"/>
  <testcase name="DetailMenginap" time="3.064" classname="pospack.LoginUntillNotShow"/>
  <testcase name="NotShow" time="1.763" classname="pospack.LoginUntillNotShow"/>
</testsuite> <!-- pospack.LoginUntillNotShow -->
