<?xml version="1.0" encoding="UTF-8"?>
<!-- Generated by org.testng.reporters.JUnitReportReporter -->
<testsuite skipped="0" hostname="anita-PC" name="pospack.LoginUntilConfirmWithValidData" tests="5" failures="0" timestamp="08 Jan 2018 07:04:27 GMT" time="15.747" errors="0">
  <testcase name="Login" time="9.350" classname="pospack.LoginUntilConfirmWithValidData"/>
  <testcase name="Konfirmasi" time="0.969" classname="pospack.LoginUntilConfirmWithValidData"/>
  <testcase name="Dashboard" time="0.505" classname="pospack.LoginUntilConfirmWithValidData"/>
  <testcase name="Logininfo" time="1.992" classname="pospack.LoginUntilConfirmWithValidData"/>
  <testcase name="DetailMenginap" time="2.931" classname="pospack.LoginUntilConfirmWithValidData"/>
</testsuite> <!-- pospack.LoginUntilConfirmWithValidData -->
