<?xml version="1.0" encoding="UTF-8"?>
<!-- Generated by org.testng.reporters.JUnitReportReporter -->
<testsuite skipped="0" hostname="anita-PC" name="pospack.PrintTotalPriceSummary" tests="6" failures="0" timestamp="16 Jan 2018 08:39:28 GMT" time="19.359" errors="0">
  <testcase name="Login" time="10.157" classname="pospack.PrintTotalPriceSummary"/>
  <testcase name="Dashboard" time="0.497" classname="pospack.PrintTotalPriceSummary"/>
  <testcase name="Print" time="1.715" classname="pospack.PrintTotalPriceSummary"/>
  <testcase name="Logininfo" time="1.824" classname="pospack.PrintTotalPriceSummary"/>
  <testcase name="DetailMenginap" time="3.861" classname="pospack.PrintTotalPriceSummary"/>
  <testcase name="Konfirmasi" time="1.305" classname="pospack.PrintTotalPriceSummary"/>
</testsuite> <!-- pospack.PrintTotalPriceSummary -->
