<?xml version="1.0" encoding="UTF-8"?>
<!-- Generated by org.testng.reporters.JUnitReportReporter -->
<testsuite skipped="0" hostname="anita-PC" name="pospack.CheckinWithDifferenceGuest" tests="6" failures="0" timestamp="16 Jan 2018 03:53:44 GMT" time="24.075" errors="0">
  <testcase name="Login" time="13.548" classname="pospack.CheckinWithDifferenceGuest"/>
  <testcase name="CheckIn" time="1.045" classname="pospack.CheckinWithDifferenceGuest"/>
  <testcase name="Dashboard" time="0.542" classname="pospack.CheckinWithDifferenceGuest"/>
  <testcase name="Logininfo" time="3.695" classname="pospack.CheckinWithDifferenceGuest"/>
  <testcase name="DetailMenginap" time="4.220" classname="pospack.CheckinWithDifferenceGuest"/>
  <testcase name="Konfirmasi" time="1.025" classname="pospack.CheckinWithDifferenceGuest"/>
</testsuite> <!-- pospack.CheckinWithDifferenceGuest -->
