<?xml version="1.0" encoding="UTF-8"?>
<!-- Generated by org.testng.reporters.JUnitReportReporter -->
<testsuite skipped="0" hostname="anita-PC" name="pospack.PrintTotalPriceBillDetail" tests="6" failures="0" timestamp="16 Jan 2018 08:37:46 GMT" time="22.747" errors="0">
  <testcase name="Login" time="13.151" classname="pospack.PrintTotalPriceBillDetail"/>
  <testcase name="Dashboard" time="0.532" classname="pospack.PrintTotalPriceBillDetail"/>
  <testcase name="Print" time="1.577" classname="pospack.PrintTotalPriceBillDetail"/>
  <testcase name="Logininfo" time="1.843" classname="pospack.PrintTotalPriceBillDetail"/>
  <testcase name="DetailMenginap" time="4.688" classname="pospack.PrintTotalPriceBillDetail"/>
  <testcase name="Konfirmasi" time="0.956" classname="pospack.PrintTotalPriceBillDetail"/>
</testsuite> <!-- pospack.PrintTotalPriceBillDetail -->
