<?xml version="1.0" encoding="UTF-8"?>
<!-- Generated by org.testng.reporters.JUnitReportReporter -->
<testsuite skipped="0" hostname="anita-PC" name="pospack.EditDetailWithInvalidData" tests="6" failures="0" timestamp="16 Jan 2018 04:23:30 GMT" time="25.850" errors="0">
  <testcase name="Login" time="15.376" classname="pospack.EditDetailWithInvalidData"/>
  <testcase name="Konfirmasi" time="1.027" classname="pospack.EditDetailWithInvalidData"/>
  <testcase name="EditData" time="2.322" classname="pospack.EditDetailWithInvalidData"/>
  <testcase name="Dashboard" time="0.517" classname="pospack.EditDetailWithInvalidData"/>
  <testcase name="Logininfo" time="3.438" classname="pospack.EditDetailWithInvalidData"/>
  <testcase name="DetailMenginap" time="3.170" classname="pospack.EditDetailWithInvalidData"/>
</testsuite> <!-- pospack.EditDetailWithInvalidData -->
