<?xml version="1.0" encoding="UTF-8"?>
<!-- Generated by org.testng.reporters.JUnitReportReporter -->
<testsuite skipped="0" hostname="anita-PC" name="pospack.LoginWithInvalidValue" tests="2" failures="0" timestamp="08 Jan 2018 06:52:36 GMT" time="13.895" errors="0">
  <testcase name="StartApps" time="13.575" classname="pospack.LoginWithInvalidValue"/>
  <testcase name="Login" time="0.320" classname="pospack.LoginWithInvalidValue"/>
</testsuite> <!-- pospack.LoginWithInvalidValue -->
