<?xml version="1.0" encoding="UTF-8"?>
<!-- Generated by org.testng.reporters.JUnitReportReporter -->
<testsuite skipped="0" hostname="anita-PC" name="pospack.LoginUntilHapus" tests="5" failures="0" timestamp="20 Dec 2017 06:10:16 GMT" time="25.046" errors="0">
  <testcase name="Login" time="17.192" classname="pospack.LoginUntilHapus"/>
  <testcase name="Konfirmasi" time="1.020" classname="pospack.LoginUntilHapus"/>
  <testcase name="Dashboard" time="0.542" classname="pospack.LoginUntilHapus"/>
  <testcase name="Logininfo" time="2.845" classname="pospack.LoginUntilHapus"/>
  <testcase name="DetailMenginap" time="3.447" classname="pospack.LoginUntilHapus"/>
</testsuite> <!-- pospack.LoginUntilHapus -->
