<?xml version="1.0" encoding="UTF-8"?>
<!-- Generated by org.testng.reporters.JUnitReportReporter -->
<testsuite skipped="0" hostname="anita-PC" name="pospack.DepositWithPaymentOther" tests="6" failures="0" timestamp="15 Jan 2018 05:21:26 GMT" time="19.167" errors="0">
  <testcase name="Login" time="9.902" classname="pospack.DepositWithPaymentOther"/>
  <testcase name="Dashboard" time="0.508" classname="pospack.DepositWithPaymentOther"/>
  <testcase name="Logininfo" time="1.819" classname="pospack.DepositWithPaymentOther"/>
  <testcase name="DetailMenginap" time="3.795" classname="pospack.DepositWithPaymentOther"/>
  <testcase name="Deposit" time="2.171" classname="pospack.DepositWithPaymentOther"/>
  <testcase name="Konfirmasi" time="0.972" classname="pospack.DepositWithPaymentOther"/>
</testsuite> <!-- pospack.DepositWithPaymentOther -->
