<?xml version="1.0" encoding="UTF-8"?>
<!-- Generated by org.testng.reporters.JUnitReportReporter -->
<testsuite skipped="0" hostname="anita-PC" name="pospack.PrintNetPriceSummary" tests="6" failures="0" timestamp="16 Jan 2018 08:30:12 GMT" time="110.551" errors="0">
  <testcase name="Login" time="95.809" classname="pospack.PrintNetPriceSummary"/>
  <testcase name="Dashboard" time="0.508" classname="pospack.PrintNetPriceSummary"/>
  <testcase name="Print" time="2.549" classname="pospack.PrintNetPriceSummary"/>
  <testcase name="Logininfo" time="4.873" classname="pospack.PrintNetPriceSummary"/>
  <testcase name="DetailMenginap" time="5.300" classname="pospack.PrintNetPriceSummary"/>
  <testcase name="Konfirmasi" time="1.512" classname="pospack.PrintNetPriceSummary"/>
</testsuite> <!-- pospack.PrintNetPriceSummary -->
