<?xml version="1.0" encoding="UTF-8"?>
<!-- Generated by org.testng.reporters.JUnitReportReporter -->
<testsuite skipped="0" hostname="anita-PC" name="pospack.DepositWithPaymentCreditCard" tests="6" failures="0" timestamp="15 Jan 2018 03:41:42 GMT" time="43.106" errors="0">
  <testcase name="Login" time="26.237" classname="pospack.DepositWithPaymentCreditCard"/>
  <testcase name="Deposit" time="3.562" classname="pospack.DepositWithPaymentCreditCard"/>
  <testcase name="Dashboard" time="0.567" classname="pospack.DepositWithPaymentCreditCard"/>
  <testcase name="Logininfo" time="6.047" classname="pospack.DepositWithPaymentCreditCard"/>
  <testcase name="DetailMenginap" time="5.481" classname="pospack.DepositWithPaymentCreditCard"/>
  <testcase name="Konfirmasi" time="1.212" classname="pospack.DepositWithPaymentCreditCard"/>
</testsuite> <!-- pospack.DepositWithPaymentCreditCard -->
