<?xml version="1.0" encoding="UTF-8"?>
<!-- Generated by org.testng.reporters.JUnitReportReporter -->
<testsuite skipped="0" hostname="anita-PC" name="pospack.EditDetailWithValidData" tests="6" failures="0" timestamp="16 Jan 2018 04:00:32 GMT" time="28.262" errors="0">
  <testcase name="Login" time="16.807" classname="pospack.EditDetailWithValidData"/>
  <testcase name="Konfirmasi" time="1.077" classname="pospack.EditDetailWithValidData"/>
  <testcase name="Dashboard" time="0.690" classname="pospack.EditDetailWithValidData"/>
  <testcase name="Logininfo" time="3.073" classname="pospack.EditDetailWithValidData"/>
  <testcase name="DetailMenginap" time="3.333" classname="pospack.EditDetailWithValidData"/>
  <testcase name="EditData" time="3.282" classname="pospack.EditDetailWithValidData"/>
</testsuite> <!-- pospack.EditDetailWithValidData -->
