<?xml version="1.0" encoding="UTF-8"?>
<!-- Generated by org.testng.reporters.JUnitReportReporter -->
<testsuite skipped="0" hostname="anita-PC" name="pospack.LoginUntilHapusBooking" tests="5" failures="0" timestamp="08 Jan 2018 06:48:26 GMT" time="17.418" errors="0">
  <testcase name="Login" time="10.937" classname="pospack.LoginUntilHapusBooking"/>
  <testcase name="Konfirmasi" time="0.970" classname="pospack.LoginUntilHapusBooking"/>
  <testcase name="Dashboard" time="0.490" classname="pospack.LoginUntilHapusBooking"/>
  <testcase name="Logininfo" time="2.009" classname="pospack.LoginUntilHapusBooking"/>
  <testcase name="DetailMenginap" time="3.012" classname="pospack.LoginUntilHapusBooking"/>
</testsuite> <!-- pospack.LoginUntilHapusBooking -->
