<?xml version="1.0" encoding="UTF-8"?>
<!-- Generated by org.testng.reporters.JUnitReportReporter -->
<testsuite skipped="0" hostname="anita-PC" name="pospack.LoginLogout" tests="2" failures="0" timestamp="08 Jan 2018 03:53:48 GMT" time="15.985" errors="0">
  <testcase name="StartApps" time="15.416" classname="pospack.LoginLogout"/>
  <testcase name="Login" time="0.569" classname="pospack.LoginLogout"/>
</testsuite> <!-- pospack.LoginLogout -->
