<?xml version="1.0" encoding="UTF-8"?>
<!-- Generated by org.testng.reporters.JUnitReportReporter -->
<testsuite skipped="0" hostname="anita-PC" name="pospack.DepositWithPaymentTypeCash" tests="6" failures="0" timestamp="15 Jan 2018 04:55:22 GMT" time="20.796" errors="0">
  <testcase name="Login" time="10.965" classname="pospack.DepositWithPaymentTypeCash"/>
  <testcase name="Dashboard" time="0.494" classname="pospack.DepositWithPaymentTypeCash"/>
  <testcase name="Logininfo" time="1.748" classname="pospack.DepositWithPaymentTypeCash"/>
  <testcase name="DetailMenginap" time="4.263" classname="pospack.DepositWithPaymentTypeCash"/>
  <testcase name="Deposit" time="2.222" classname="pospack.DepositWithPaymentTypeCash"/>
  <testcase name="Konfirmasi" time="1.104" classname="pospack.DepositWithPaymentTypeCash"/>
</testsuite> <!-- pospack.DepositWithPaymentTypeCash -->
