<?xml version="1.0" encoding="UTF-8"?>
<!-- Generated by org.testng.reporters.JUnitReportReporter -->
<testsuite skipped="0" hostname="anita-PC" name="pospack.LoginUntilHapusReservasi" tests="5" failures="0" timestamp="08 Jan 2018 06:16:02 GMT" time="16.152" errors="0">
  <testcase name="Login" time="9.657" classname="pospack.LoginUntilHapusReservasi"/>
  <testcase name="Konfirmasi" time="1.073" classname="pospack.LoginUntilHapusReservasi"/>
  <testcase name="Dashboard" time="0.568" classname="pospack.LoginUntilHapusReservasi"/>
  <testcase name="Logininfo" time="2.002" classname="pospack.LoginUntilHapusReservasi"/>
  <testcase name="DetailMenginap" time="2.852" classname="pospack.LoginUntilHapusReservasi"/>
</testsuite> <!-- pospack.LoginUntilHapusReservasi -->
