<?xml version="1.0" encoding="UTF-8"?>
<!-- Generated by org.testng.reporters.JUnitReportReporter -->
<testsuite skipped="0" hostname="anita-PC" name="pospack.CloseReservationDetail" tests="6" failures="0" timestamp="16 Jan 2018 08:46:13 GMT" time="21.676" errors="0">
  <testcase name="Login" time="13.108" classname="pospack.CloseReservationDetail"/>
  <testcase name="Dashboard" time="0.494" classname="pospack.CloseReservationDetail"/>
  <testcase name="Logininfo" time="1.990" classname="pospack.CloseReservationDetail"/>
  <testcase name="DetailMenginap" time="4.007" classname="pospack.CloseReservationDetail"/>
  <testcase name="Konfirmasi" time="1.018" classname="pospack.CloseReservationDetail"/>
  <testcase name="CloseReservasi" time="1.059" classname="pospack.CloseReservationDetail"/>
</testsuite> <!-- pospack.CloseReservationDetail -->
