<?xml version="1.0" encoding="UTF-8"?>
<!-- Generated by org.testng.reporters.JUnitReportReporter -->
<testsuite skipped="0" hostname="anita-PC" name="pospack.LoginUntilConfirm" tests="5" failures="0" timestamp="20 Dec 2017 06:08:52 GMT" time="28.114" errors="0">
  <testcase name="Login" time="18.396" classname="pospack.LoginUntilConfirm"/>
  <testcase name="Konfirmasi" time="1.000" classname="pospack.LoginUntilConfirm"/>
  <testcase name="Dashboard" time="0.615" classname="pospack.LoginUntilConfirm"/>
  <testcase name="Logininfo" time="4.870" classname="pospack.LoginUntilConfirm"/>
  <testcase name="DetailMenginap" time="3.233" classname="pospack.LoginUntilConfirm"/>
</testsuite> <!-- pospack.LoginUntilConfirm -->
