<?xml version="1.0" encoding="UTF-8"?>
<!-- Generated by org.testng.reporters.JUnitReportReporter -->
<testsuite skipped="0" hostname="anita-PC" name="pospack.LoginReservasi" tests="5" failures="0" timestamp="20 Dec 2017 05:58:45 GMT" time="17.861" errors="0">
  <testcase name="Login" time="10.896" classname="pospack.LoginReservasi"/>
  <testcase name="Konfirmasi" time="1.100" classname="pospack.LoginReservasi"/>
  <testcase name="Dashboard" time="0.580" classname="pospack.LoginReservasi"/>
  <testcase name="Logininfo" time="2.078" classname="pospack.LoginReservasi"/>
  <testcase name="DetailMenginap" time="3.207" classname="pospack.LoginReservasi"/>
</testsuite> <!-- pospack.LoginReservasi -->
