<?xml version="1.0" encoding="UTF-8"?>
<!-- Generated by org.testng.reporters.JUnitReportReporter -->
<testsuite skipped="0" hostname="anita-PC" name="pospack.Coba" tests="2" failures="0" timestamp="13 Dec 2017 01:57:32 GMT" time="11.237" errors="0">
  <testcase name="Logininfo" time="2.116" classname="pospack.Coba"/>
  <testcase name="Login" time="9.121" classname="pospack.Coba"/>
</testsuite> <!-- pospack.Coba -->
