<?xml version="1.0" encoding="UTF-8"?>
<!-- Generated by org.testng.reporters.JUnitReportReporter -->
<testsuite skipped="0" hostname="anita-PC" name="pospack.LoginUntilLoginfo" tests="2" failures="0" timestamp="08 Jan 2018 06:49:34 GMT" time="11.925" errors="0">
  <testcase name="Logininfo" time="2.027" classname="pospack.LoginUntilLoginfo"/>
  <testcase name="Login" time="9.898" classname="pospack.LoginUntilLoginfo"/>
</testsuite> <!-- pospack.LoginUntilLoginfo -->
